<html>
<head>
<title>TestNG:  Test</title>
<link href="../testng.css" rel="stylesheet" type="text/css" />
<link href="../my-testng.css" rel="stylesheet" type="text/css" />

<style type="text/css">
.log { display: none;} 
.stack-trace { display: none;} 
</style>
<script type="text/javascript">
<!--
function flip(e) {
  current = e.style.display;
  if (current == 'block') {
    e.style.display = 'none';
    return 0;
  }
  else {
    e.style.display = 'block';
    return 1;
  }
}

function toggleBox(szDivId, elem, msg1, msg2)
{
  var res = -1;  if (document.getElementById) {
    res = flip(document.getElementById(szDivId));
  }
  else if (document.all) {
    // this is the way old msie versions work
    res = flip(document.all[szDivId]);
  }
  if(elem) {
    if(res == 0) elem.innerHTML = msg1; else elem.innerHTML = msg2;
  }

}

function toggleAllBoxes() {
  if (document.getElementsByTagName) {
    d = document.getElementsByTagName('div');
    for (i = 0; i < d.length; i++) {
      if (d[i].className == 'log') {
        flip(d[i]);
      }
    }
  }
}

// -->
</script>

</head>
<body>
<h2 align='center'>Test</h2><table border='1' align="center">
<tr>
<td>Tests passed/Failed/Skipped:</td><td>17/3/0</td>
</tr><tr>
<td>Started on:</td><td>Mon Jul 05 21:18:08 IST 2021</td>
</tr>
<tr><td>Total time:</td><td>300 seconds (300883 ms)</td>
</tr><tr>
<td>Included groups:</td><td></td>
</tr><tr>
<td>Excluded groups:</td><td></td>
</tr>
</table><p/>
<small><i>(Hover the method name to see the test class name)</i></small><p/>
<table width='100%' border='1' class='invocation-failed'>
<tr><td colspan='4' align='center'><b>FAILED TESTS</b></td></tr>
<tr><td><b>Test method</b></td>
<td width="30%"><b>Exception</b></td>
<td width="10%"><b>Time (seconds)</b></td>
<td><b>Instance</b></td>
</tr>
<tr>
<td title='com.selenium.Test.LoginTest.IN_ValidLogin()'><b>IN_ValidLogin</b><br>Test class: com.selenium.Test.LoginTest<br>Parameters: yogi1234up@gmail.com, Seleinum@123, Yes</td>
<td><div><pre>java.lang.AssertionError: expected [ Book Bus Travels, AC Volvo Bus, rPool &amp; Bus Hire - redBus India ] but found [Sign in - Google Accounts]
	at com.selenium.Test.LoginTest.IN_ValidLogin(LoginTest.java:97)
	at java.util.ArrayList.forEach(ArrayList.java:1257)
... Removed 33 stack frames</pre></div><a href='#' onClick='toggleBox("stack-trace227644740", this, "Click to show all stack frames", "Click to hide stack frames")'>Click to show all stack frames</a>
<div class='stack-trace' id='stack-trace227644740'><pre>java.lang.AssertionError: expected [ Book Bus Travels, AC Volvo Bus, rPool &amp; Bus Hire - redBus India ] but found [Sign in - Google Accounts]
	at org.testng.Assert.fail(Assert.java:99)
	at org.testng.Assert.failNotEquals(Assert.java:1037)
	at org.testng.Assert.assertEqualsImpl(Assert.java:140)
	at org.testng.Assert.assertEquals(Assert.java:122)
	at org.testng.Assert.assertEquals(Assert.java:629)
	at org.testng.Assert.assertEquals(Assert.java:639)
	at com.selenium.Test.LoginTest.IN_ValidLogin(LoginTest.java:97)
	at sun.reflect.NativeMethodAccessorImpl.invoke0(Native Method)
	at sun.reflect.NativeMethodAccessorImpl.invoke(NativeMethodAccessorImpl.java:62)
	at sun.reflect.DelegatingMethodAccessorImpl.invoke(DelegatingMethodAccessorImpl.java:43)
	at java.lang.reflect.Method.invoke(Method.java:498)
	at org.testng.internal.MethodInvocationHelper.invokeMethod(MethodInvocationHelper.java:132)
	at org.testng.internal.TestInvoker.invokeMethod(TestInvoker.java:599)
	at org.testng.internal.TestInvoker.invokeTestMethod(TestInvoker.java:174)
	at org.testng.internal.MethodRunner.runInSequence(MethodRunner.java:46)
	at org.testng.internal.TestInvoker$MethodInvocationAgent.invoke(TestInvoker.java:822)
	at org.testng.internal.TestInvoker.invokeTestMethods(TestInvoker.java:147)
	at org.testng.internal.TestMethodWorker.invokeTestMethods(TestMethodWorker.java:146)
	at org.testng.internal.TestMethodWorker.run(TestMethodWorker.java:128)
	at java.util.ArrayList.forEach(ArrayList.java:1257)
	at org.testng.TestRunner.privateRun(TestRunner.java:764)
	at org.testng.TestRunner.run(TestRunner.java:585)
	at org.testng.SuiteRunner.runTest(SuiteRunner.java:384)
	at org.testng.SuiteRunner.runSequentially(SuiteRunner.java:378)
	at org.testng.SuiteRunner.privateRun(SuiteRunner.java:337)
	at org.testng.SuiteRunner.run(SuiteRunner.java:286)
	at org.testng.SuiteRunnerWorker.runSuite(SuiteRunnerWorker.java:53)
	at org.testng.SuiteRunnerWorker.run(SuiteRunnerWorker.java:96)
	at org.testng.TestNG.runSuitesSequentially(TestNG.java:1218)
	at org.testng.TestNG.runSuitesLocally(TestNG.java:1140)
	at org.testng.TestNG.runSuites(TestNG.java:1069)
	at org.testng.TestNG.run(TestNG.java:1037)
	at org.testng.remote.AbstractRemoteTestNG.run(AbstractRemoteTestNG.java:115)
	at org.testng.remote.RemoteTestNG.initAndRun(RemoteTestNG.java:251)
	at org.testng.remote.RemoteTestNG.main(RemoteTestNG.java:77)
</pre></div></td>
<td>9</td>
<td>com.selenium.Test.LoginTest@4ae82894</td></tr>
<tr>
<td title='com.selenium.Test.HomeTest.InvalidManageBooking()'><b>InvalidManageBooking</b><br>Test class: com.selenium.Test.HomeTest<br>Parameters: 1234567890, yogi@gmail.com, Yes</td>
<td><div><pre>java.lang.AssertionError: expected [Something went wrong, please try again later] but found [Something went wrong, please try again later!]
	at com.selenium.Test.HomeTest.InvalidManageBooking(HomeTest.java:67)
	at java.util.ArrayList.forEach(ArrayList.java:1257)
... Removed 33 stack frames</pre></div><a href='#' onClick='toggleBox("stack-trace1905548224", this, "Click to show all stack frames", "Click to hide stack frames")'>Click to show all stack frames</a>
<div class='stack-trace' id='stack-trace1905548224'><pre>java.lang.AssertionError: expected [Something went wrong, please try again later] but found [Something went wrong, please try again later!]
	at org.testng.Assert.fail(Assert.java:99)
	at org.testng.Assert.failNotEquals(Assert.java:1037)
	at org.testng.Assert.assertEqualsImpl(Assert.java:140)
	at org.testng.Assert.assertEquals(Assert.java:122)
	at org.testng.Assert.assertEquals(Assert.java:629)
	at org.testng.Assert.assertEquals(Assert.java:639)
	at com.selenium.Test.HomeTest.InvalidManageBooking(HomeTest.java:67)
	at sun.reflect.NativeMethodAccessorImpl.invoke0(Native Method)
	at sun.reflect.NativeMethodAccessorImpl.invoke(NativeMethodAccessorImpl.java:62)
	at sun.reflect.DelegatingMethodAccessorImpl.invoke(DelegatingMethodAccessorImpl.java:43)
	at java.lang.reflect.Method.invoke(Method.java:498)
	at org.testng.internal.MethodInvocationHelper.invokeMethod(MethodInvocationHelper.java:132)
	at org.testng.internal.TestInvoker.invokeMethod(TestInvoker.java:599)
	at org.testng.internal.TestInvoker.invokeTestMethod(TestInvoker.java:174)
	at org.testng.internal.MethodRunner.runInSequence(MethodRunner.java:46)
	at org.testng.internal.TestInvoker$MethodInvocationAgent.invoke(TestInvoker.java:822)
	at org.testng.internal.TestInvoker.invokeTestMethods(TestInvoker.java:147)
	at org.testng.internal.TestMethodWorker.invokeTestMethods(TestMethodWorker.java:146)
	at org.testng.internal.TestMethodWorker.run(TestMethodWorker.java:128)
	at java.util.ArrayList.forEach(ArrayList.java:1257)
	at org.testng.TestRunner.privateRun(TestRunner.java:764)
	at org.testng.TestRunner.run(TestRunner.java:585)
	at org.testng.SuiteRunner.runTest(SuiteRunner.java:384)
	at org.testng.SuiteRunner.runSequentially(SuiteRunner.java:378)
	at org.testng.SuiteRunner.privateRun(SuiteRunner.java:337)
	at org.testng.SuiteRunner.run(SuiteRunner.java:286)
	at org.testng.SuiteRunnerWorker.runSuite(SuiteRunnerWorker.java:53)
	at org.testng.SuiteRunnerWorker.run(SuiteRunnerWorker.java:96)
	at org.testng.TestNG.runSuitesSequentially(TestNG.java:1218)
	at org.testng.TestNG.runSuitesLocally(TestNG.java:1140)
	at org.testng.TestNG.runSuites(TestNG.java:1069)
	at org.testng.TestNG.run(TestNG.java:1037)
	at org.testng.remote.AbstractRemoteTestNG.run(AbstractRemoteTestNG.java:115)
	at org.testng.remote.RemoteTestNG.initAndRun(RemoteTestNG.java:251)
	at org.testng.remote.RemoteTestNG.main(RemoteTestNG.java:77)
</pre></div></td>
<td>3</td>
<td>com.selenium.Test.HomeTest@103f852</td></tr>
<tr>
<td title='com.selenium.Test.SearchBusTest.InvalidSearchBus()'><b>InvalidSearchBus</b><br>Test class: com.selenium.Test.SearchBusTest<br>Parameters: Delhi, Chandigarh (Punjab), Yes</td>
<td><div><pre>java.lang.AssertionError: expected [Delhi to Chandigarh Bus Tickets Booking, Save upto 25% - redBus] but found [Book Bus Travels, AC Volvo Bus, rPool &amp; Bus Hire - redBus India]
	at com.selenium.Test.SearchBusTest.InvalidSearchBus(SearchBusTest.java:61)
	at java.util.ArrayList.forEach(ArrayList.java:1257)
... Removed 33 stack frames</pre></div><a href='#' onClick='toggleBox("stack-trace1623287112", this, "Click to show all stack frames", "Click to hide stack frames")'>Click to show all stack frames</a>
<div class='stack-trace' id='stack-trace1623287112'><pre>java.lang.AssertionError: expected [Delhi to Chandigarh Bus Tickets Booking, Save upto 25% - redBus] but found [Book Bus Travels, AC Volvo Bus, rPool &amp; Bus Hire - redBus India]
	at org.testng.Assert.fail(Assert.java:99)
	at org.testng.Assert.failNotEquals(Assert.java:1037)
	at org.testng.Assert.assertEqualsImpl(Assert.java:140)
	at org.testng.Assert.assertEquals(Assert.java:122)
	at org.testng.Assert.assertEquals(Assert.java:629)
	at org.testng.Assert.assertEquals(Assert.java:639)
	at com.selenium.Test.SearchBusTest.InvalidSearchBus(SearchBusTest.java:61)
	at sun.reflect.NativeMethodAccessorImpl.invoke0(Native Method)
	at sun.reflect.NativeMethodAccessorImpl.invoke(NativeMethodAccessorImpl.java:62)
	at sun.reflect.DelegatingMethodAccessorImpl.invoke(DelegatingMethodAccessorImpl.java:43)
	at java.lang.reflect.Method.invoke(Method.java:498)
	at org.testng.internal.MethodInvocationHelper.invokeMethod(MethodInvocationHelper.java:132)
	at org.testng.internal.TestInvoker.invokeMethod(TestInvoker.java:599)
	at org.testng.internal.TestInvoker.invokeTestMethod(TestInvoker.java:174)
	at org.testng.internal.MethodRunner.runInSequence(MethodRunner.java:46)
	at org.testng.internal.TestInvoker$MethodInvocationAgent.invoke(TestInvoker.java:822)
	at org.testng.internal.TestInvoker.invokeTestMethods(TestInvoker.java:147)
	at org.testng.internal.TestMethodWorker.invokeTestMethods(TestMethodWorker.java:146)
	at org.testng.internal.TestMethodWorker.run(TestMethodWorker.java:128)
	at java.util.ArrayList.forEach(ArrayList.java:1257)
	at org.testng.TestRunner.privateRun(TestRunner.java:764)
	at org.testng.TestRunner.run(TestRunner.java:585)
	at org.testng.SuiteRunner.runTest(SuiteRunner.java:384)
	at org.testng.SuiteRunner.runSequentially(SuiteRunner.java:378)
	at org.testng.SuiteRunner.privateRun(SuiteRunner.java:337)
	at org.testng.SuiteRunner.run(SuiteRunner.java:286)
	at org.testng.SuiteRunnerWorker.runSuite(SuiteRunnerWorker.java:53)
	at org.testng.SuiteRunnerWorker.run(SuiteRunnerWorker.java:96)
	at org.testng.TestNG.runSuitesSequentially(TestNG.java:1218)
	at org.testng.TestNG.runSuitesLocally(TestNG.java:1140)
	at org.testng.TestNG.runSuites(TestNG.java:1069)
	at org.testng.TestNG.run(TestNG.java:1037)
	at org.testng.remote.AbstractRemoteTestNG.run(AbstractRemoteTestNG.java:115)
	at org.testng.remote.RemoteTestNG.initAndRun(RemoteTestNG.java:251)
	at org.testng.remote.RemoteTestNG.main(RemoteTestNG.java:77)
</pre></div></td>
<td>1</td>
<td>com.selenium.Test.SearchBusTest@35a50a4c</td></tr>
</table><p>
<table width='100%' border='1' class='invocation-passed'>
<tr><td colspan='4' align='center'><b>PASSED TESTS</b></td></tr>
<tr><td><b>Test method</b></td>
<td width="30%"><b>Exception</b></td>
<td width="10%"><b>Time (seconds)</b></td>
<td><b>Instance</b></td>
</tr>
<tr>
<td title='com.selenium.Test.BusHireTest.AirPortType()'><b>AirPortType</b><br>Test class: com.selenium.Test.BusHireTest<br>Parameters: gorakhpur, 20, Yes</td>
<td></td>
<td>19</td>
<td>com.selenium.Test.BusHireTest@6d3af739</td></tr>
<tr>
<td title='com.selenium.Test.SearchBusTest.Blog()'><b>Blog</b><br>Test class: com.selenium.Test.SearchBusTest</td>
<td></td>
<td>3</td>
<td>com.selenium.Test.SearchBusTest@35a50a4c</td></tr>
<tr>
<td title='com.selenium.Test.SearchBusTest.ChangeTogglebar()'><b>ChangeTogglebar</b><br>Test class: com.selenium.Test.SearchBusTest<br>Parameters: Delhi, Chandigarh (Punjab), Yes</td>
<td></td>
<td>4</td>
<td>com.selenium.Test.SearchBusTest@35a50a4c</td></tr>
<tr>
<td title='com.selenium.Test.HomeTest.ContactUs()'><b>ContactUs</b><br>Test class: com.selenium.Test.HomeTest</td>
<td></td>
<td>3</td>
<td>com.selenium.Test.HomeTest@103f852</td></tr>
<tr>
<td title='com.selenium.Test.BusHireTest.LocalType()'><b>LocalType</b><br>Test class: com.selenium.Test.BusHireTest<br>Parameters: Mumbai Central Railway Station Building, Mumbai Central, Mumbai, Maharashtra, India, 20, Yes</td>
<td></td>
<td>16</td>
<td>com.selenium.Test.BusHireTest@6d3af739</td></tr>
<tr>
<td title='com.selenium.Test.SearchBusTest.Modifyresult()'><b>Modifyresult</b><br>Test class: com.selenium.Test.SearchBusTest<br>Parameters: Delhi, Chandigarh (Punjab), Yes</td>
<td></td>
<td>9</td>
<td>com.selenium.Test.SearchBusTest@35a50a4c</td></tr>
<tr>
<td title='com.selenium.Test.BusHireTest.OutstationType()'><b>OutstationType</b><br>Test class: com.selenium.Test.BusHireTest<br>Parameters: Mumbai Central Railway Station Building, Mumbai Central, Mumbai, Maharashtra, India, Gorakhpur Railway Station, Bashratpur, Gorakhpur, Uttar Pradesh, India, 20, Yes</td>
<td></td>
<td>18</td>
<td>com.selenium.Test.BusHireTest@6d3af739</td></tr>
<tr>
<td title='com.selenium.Test.RPollTest.Play()'><b>Play</b><br>Test class: com.selenium.Test.RPollTest</td>
<td></td>
<td>20</td>
<td>com.selenium.Test.RPollTest@587c290d</td></tr>
<tr>
<td title='com.selenium.Test.HomeTest.RPollHelp()'><b>RPollHelp</b><br>Test class: com.selenium.Test.HomeTest</td>
<td></td>
<td>8</td>
<td>com.selenium.Test.HomeTest@103f852</td></tr>
<tr>
<td title='com.selenium.Test.RedBusCareTest.RedBusCare()'><b>RedBusCare</b><br>Test class: com.selenium.Test.RedBusCareTest<br>Parameters: Yogesh, yogi@gmail.com, 9868645123, Yes</td>
<td></td>
<td>3</td>
<td>com.selenium.Test.RedBusCareTest@543788f3</td></tr>
<tr>
<td title='com.selenium.Test.SearchBusTest.SearchBus()'><b>SearchBus</b><br>Test class: com.selenium.Test.SearchBusTest<br>Parameters: Delhi, Chandigarh (Punjab), Yes</td>
<td></td>
<td>5</td>
<td>com.selenium.Test.SearchBusTest@35a50a4c</td></tr>
<tr>
<td title='com.selenium.Test.RPollTest.Switch()'><b>Switch</b><br>Test class: com.selenium.Test.RPollTest</td>
<td></td>
<td>1</td>
<td>com.selenium.Test.RPollTest@587c290d</td></tr>
<tr>
<td title='com.selenium.Test.OperatorTest.SwitchOperatorDirectories()'><b>SwitchOperatorDirectories</b><br>Test class: com.selenium.Test.OperatorTest</td>
<td></td>
<td>7</td>
<td>com.selenium.Test.OperatorTest@1f021e6c</td></tr>
<tr>
<td title='com.selenium.Test.OperatorTest.TopOperator()'><b>TopOperator</b><br>Test class: com.selenium.Test.OperatorTest<br>Parameters: Ramnagar (Uttrakhand), Delhi (All Locations), Yes</td>
<td></td>
<td>7</td>
<td>com.selenium.Test.OperatorTest@1f021e6c</td></tr>
<tr>
<td title='com.selenium.Test.AwardRecognitionTest.TrustedBrand()'><b>TrustedBrand</b><br>Test class: com.selenium.Test.AwardRecognitionTest<br>Parameters: Is is a Very Good Product, Abc@gmail.com, Yougesh, Yes</td>
<td></td>
<td>5</td>
<td>com.selenium.Test.AwardRecognitionTest@4516af24</td></tr>
<tr>
<td title='com.selenium.Test.LoginTest.ValidLogin()'><b>ValidLogin</b><br>Test class: com.selenium.Test.LoginTest<br>Parameters: yogi1234up@gmail.com, Selenium@12, Yes</td>
<td></td>
<td>14</td>
<td>com.selenium.Test.LoginTest@4ae82894</td></tr>
<tr>
<td title='com.selenium.Test.HomeTest.changeCountry()'><b>changeCountry</b><br>Test class: com.selenium.Test.HomeTest</td>
<td></td>
<td>6</td>
<td>com.selenium.Test.HomeTest@103f852</td></tr>
</table><p>
</body>
</html>