<?xml version="1.0" encoding="UTF-8"?>
<testng-results skipped="0" failed="1" ignored="4" total="5" passed="0">
  <reporter-output>
  </reporter-output>
  <suite name="Default suite" duration-ms="17999" started-at="2021-07-04T23:40:18 IST" finished-at="2021-07-04T23:40:36 IST">
    <groups>
    </groups>
    <test name="Default test" duration-ms="17999" started-at="2021-07-04T23:40:18 IST" finished-at="2021-07-04T23:40:36 IST">
      <class name="com.selenium.Test.SearchBusTest">
        <test-method status="PASS" signature="setExtent()[pri:0, instance:com.selenium.Test.SearchBusTest@6fb0d3ed]" name="setExtent" is-config="true" duration-ms="182" started-at="2021-07-04T23:40:18 IST" finished-at="2021-07-04T23:40:18 IST">
          <reporter-output>
          </reporter-output>
        </test-method> <!-- setExtent -->
        <test-method status="PASS" signature="intializeWebdriver()[pri:0, instance:com.selenium.Test.SearchBusTest@6fb0d3ed]" name="intializeWebdriver" is-config="true" duration-ms="3125" started-at="2021-07-04T23:40:20 IST" finished-at="2021-07-04T23:40:23 IST">
          <reporter-output>
          </reporter-output>
        </test-method> <!-- intializeWebdriver -->
        <test-method status="PASS" signature="openBrowser()[pri:0, instance:com.selenium.Test.SearchBusTest@6fb0d3ed]" name="openBrowser" is-config="true" duration-ms="5840" started-at="2021-07-04T23:40:23 IST" finished-at="2021-07-04T23:40:29 IST">
          <reporter-output>
          </reporter-output>
        </test-method> <!-- openBrowser -->
        <test-method status="FAIL" signature="Modifyresult(java.lang.String, java.lang.String, java.lang.String)[pri:0, instance:com.selenium.Test.SearchBusTest@6fb0d3ed]" name="Modifyresult" duration-ms="6427" started-at="2021-07-04T23:40:29 IST" data-provider="SearchBus" finished-at="2021-07-04T23:40:35 IST">
          <params>
            <param index="0">
              <value>
                <![CDATA[Delhi]]>
              </value>
            </param>
            <param index="1">
              <value>
                <![CDATA[Chandigarh (Punjab)]]>
              </value>
            </param>
            <param index="2">
              <value>
                <![CDATA[Yes]]>
              </value>
            </param>
          </params>
          <exception class="java.lang.AssertionError">
            <message>
              <![CDATA[expected [Chandigarh to Delhi Bus Tickets Booking, Save upto 25% - redBus] but found [Chandigarh to Delhi Airport Bus Tickets Booking, Save upto 25% - redBus]]]>
            </message>
            <full-stacktrace>
              <![CDATA[java.lang.AssertionError: expected [Chandigarh to Delhi Bus Tickets Booking, Save upto 25% - redBus] but found [Chandigarh to Delhi Airport Bus Tickets Booking, Save upto 25% - redBus]
at org.testng.Assert.fail(Assert.java:99)
at org.testng.Assert.failNotEquals(Assert.java:1037)
at org.testng.Assert.assertEqualsImpl(Assert.java:140)
at org.testng.Assert.assertEquals(Assert.java:122)
at org.testng.Assert.assertEquals(Assert.java:629)
at org.testng.Assert.assertEquals(Assert.java:639)
at com.selenium.Test.SearchBusTest.Modifyresult(SearchBusTest.java:120)
at sun.reflect.NativeMethodAccessorImpl.invoke0(Native Method)
at sun.reflect.NativeMethodAccessorImpl.invoke(NativeMethodAccessorImpl.java:62)
at sun.reflect.DelegatingMethodAccessorImpl.invoke(DelegatingMethodAccessorImpl.java:43)
at java.lang.reflect.Method.invoke(Method.java:498)
at org.testng.internal.MethodInvocationHelper.invokeMethod(MethodInvocationHelper.java:132)
at org.testng.internal.TestInvoker.invokeMethod(TestInvoker.java:599)
at org.testng.internal.TestInvoker.invokeTestMethod(TestInvoker.java:174)
at org.testng.internal.MethodRunner.runInSequence(MethodRunner.java:46)
at org.testng.internal.TestInvoker$MethodInvocationAgent.invoke(TestInvoker.java:822)
at org.testng.internal.TestInvoker.invokeTestMethods(TestInvoker.java:147)
at org.testng.internal.TestMethodWorker.invokeTestMethods(TestMethodWorker.java:146)
at org.testng.internal.TestMethodWorker.run(TestMethodWorker.java:128)
at java.util.ArrayList.forEach(ArrayList.java:1257)
at org.testng.TestRunner.privateRun(TestRunner.java:764)
at org.testng.TestRunner.run(TestRunner.java:585)
at org.testng.SuiteRunner.runTest(SuiteRunner.java:384)
at org.testng.SuiteRunner.runSequentially(SuiteRunner.java:378)
at org.testng.SuiteRunner.privateRun(SuiteRunner.java:337)
at org.testng.SuiteRunner.run(SuiteRunner.java:286)
at org.testng.SuiteRunnerWorker.runSuite(SuiteRunnerWorker.java:53)
at org.testng.SuiteRunnerWorker.run(SuiteRunnerWorker.java:96)
at org.testng.TestNG.runSuitesSequentially(TestNG.java:1218)
at org.testng.TestNG.runSuitesLocally(TestNG.java:1140)
at org.testng.TestNG.runSuites(TestNG.java:1069)
at org.testng.TestNG.run(TestNG.java:1037)
at org.testng.remote.AbstractRemoteTestNG.run(AbstractRemoteTestNG.java:115)
at org.testng.remote.RemoteTestNG.initAndRun(RemoteTestNG.java:251)
at org.testng.remote.RemoteTestNG.main(RemoteTestNG.java:77)
]]>
            </full-stacktrace>
          </exception> <!-- java.lang.AssertionError -->
          <reporter-output>
          </reporter-output>
        </test-method> <!-- Modifyresult -->
        <test-method status="PASS" signature="attachScreenshot(org.testng.ITestResult)[pri:0, instance:com.selenium.Test.SearchBusTest@6fb0d3ed]" name="attachScreenshot" is-config="true" duration-ms="440" started-at="2021-07-04T23:40:35 IST" finished-at="2021-07-04T23:40:35 IST">
          <params>
            <param index="0">
              <value>
                <![CDATA[[TestResult name=Modifyresult status=FAILURE method=SearchBusTest.Modifyresult(java.lang.String, java.lang.String, java.lang.String)[pri:0, instance:com.selenium.Test.SearchBusTest@6fb0d3ed] output={null}]]]>
              </value>
            </param>
          </params>
          <reporter-output>
          </reporter-output>
        </test-method> <!-- attachScreenshot -->
        <test-method status="PASS" signature="closeBrowser()[pri:0, instance:com.selenium.Test.SearchBusTest@6fb0d3ed]" name="closeBrowser" is-config="true" duration-ms="712" started-at="2021-07-04T23:40:35 IST" finished-at="2021-07-04T23:40:36 IST">
          <reporter-output>
          </reporter-output>
        </test-method> <!-- closeBrowser -->
        <test-method status="PASS" signature="endReport()[pri:0, instance:com.selenium.Test.SearchBusTest@6fb0d3ed]" name="endReport" is-config="true" duration-ms="536" started-at="2021-07-04T23:40:36 IST" finished-at="2021-07-04T23:40:37 IST">
          <reporter-output>
          </reporter-output>
        </test-method> <!-- endReport -->
      </class> <!-- com.selenium.Test.SearchBusTest -->
    </test> <!-- Default test -->
  </suite> <!-- Default suite -->
</testng-results>
